<?xml version="1.0" encoding="UTF-8"?>
<testng-results skipped="0" failed="0" ignored="0" total="1" passed="1">
  <reporter-output>
  </reporter-output>
  <suite name="Suite" duration-ms="8370" started-at="2021-08-04T09:35:33Z" finished-at="2021-08-04T09:35:42Z">
    <groups>
    </groups>
    <test name="LoginTest" duration-ms="8370" started-at="2021-08-04T09:35:33Z" finished-at="2021-08-04T09:35:42Z">
      <class name="com.dbs.testcase.LoginTest">
        <test-method status="PASS" signature="setup(java.lang.String)[pri:0, instance:com.dbs.testcase.LoginTest@6a4f787b]" name="setup" is-config="true" duration-ms="6387" started-at="2021-08-04T09:35:33Z" finished-at="2021-08-04T09:35:40Z">
          <params>
            <param index="0">
              <value>
                <![CDATA[Chrome]]>
              </value>
            </param>
          </params>
          <reporter-output>
          </reporter-output>
        </test-method> <!-- setup -->
        <test-method status="PASS" signature="loginverfication()[pri:0, instance:com.dbs.testcase.LoginTest@6a4f787b]" name="loginverfication" duration-ms="1677" started-at="2021-08-04T09:35:40Z" finished-at="2021-08-04T09:35:42Z">
          <reporter-output>
          </reporter-output>
        </test-method> <!-- loginverfication -->
        <test-method status="PASS" signature="teardown()[pri:0, instance:com.dbs.testcase.LoginTest@6a4f787b]" name="teardown" is-config="true" duration-ms="269" started-at="2021-08-04T09:35:42Z" finished-at="2021-08-04T09:35:42Z">
          <reporter-output>
          </reporter-output>
        </test-method> <!-- teardown -->
      </class> <!-- com.dbs.testcase.LoginTest -->
    </test> <!-- LoginTest -->
  </suite> <!-- Suite -->
</testng-results>
